<?xml version="1.0" encoding="UTF-8"?>
<!-- Generated by org.testng.reporters.JUnitReportReporter -->
<testsuite hostname="LAPTOP-5CS0VC75" failures="0" tests="1" name="baseRunner.TestRunner" time="3.797" errors="0" timestamp="2025-02-18T17:52:10 IST" skipped="0">
  <testcase classname="baseRunner.TestRunner" name="runScenario" time="3.797"/>
</testsuite> <!-- baseRunner.TestRunner -->
